<?xml version="1.0" encoding="UTF-8"?>
<testng-results skipped="0" failed="1" ignored="2" total="3" passed="0">
  <reporter-output>
  </reporter-output>
  <suite name="Default suite" duration-ms="2913" started-at="2020-02-19T15:42:38 IST" finished-at="2020-02-19T15:42:41 IST">
    <groups>
    </groups>
    <test name="Default test" duration-ms="2913" started-at="2020-02-19T15:42:38 IST" finished-at="2020-02-19T15:42:41 IST">
      <class name="restassureddemo.Validations">
        <test-method status="FAIL" signature="unitresult()[pri:0, instance:restassureddemo.Validations@4b4523f8]" name="unitresult" duration-ms="2867" started-at="2020-02-19T15:42:38 IST" finished-at="2020-02-19T15:42:41 IST">
          <exception class="java.lang.AssertionError">
            <message>
              <![CDATA[1 expectation failed.
XML path .employee_name doesn't match.
Expected: Yuri Berry
  Actual: 
__ez.queue.addFile('edmonton.php', '/detroitchicago/edmonton.webp?a=a&cb=3&shcb=32', true, [], true, false, false, false);
__ez.queue.addFile('jellyfish.php', '/porpoiseant/jellyfish.webp?a=a&cb=3&shcb=32', false, [], true, false, false, false);
var _audins_dom="restapiexample_com",_audins_did=133674;__ez.queue.addDelayFunc("audins.js","__ez.script.add", "//go.ezoic.net/detroitchicago/audins.js?cb=188-3");nullnull(function(){function b(g,c){for(var e=0;e<c.length;e++){var d=c[e];if(0==d.complete||"undefined"!=typeof d.readyState&&4>d.readyState){var f=d.getAttribute("src")||d.currentSrc;"undefined"!=typeof d.readyState&&0==d.readyState?d.addEventListener("loadstart",function(h){var k=h.getAttribute("src")||h.currentSrc;window.ezorqs(h,k)}):(f=d.getAttribute("src")||d.currentSrc,window.ezorqs(d,f));d.addEventListener("load",function(h){var k=h.currentTarget.getAttribute("src")||h.srcElement.currentSrc;window.ezorqe(h,
k)});d.addEventListener("loadeddata",function(h){var k=h.currentTarget.getAttribute("src")||h.srcElement.currentSrc;window.ezorqe(h,k)});d.addEventListener("error",function(h){var k=h.currentTarget.getAttribute("src")||h.srcElement.currentSrc;window.ezorqe(h,k)})}}}function a(g){for(var c=0;c<document.styleSheets.length;c++)if(document.styleSheets[c].href==g)return!0;return!1}b("img",document.querySelectorAll("img"));b("video",document.querySelectorAll("video"));b("audio",document.querySelectorAll("audio"));
(function(g){for(var c=0;c<g.length;c++){var e=g[c];if(("preload"==e.getAttribute("rel")||"stylesheet"==e.getAttribute("rel"))&&null!=e.getAttribute("href")&&a(e.getAttribute("href"))){window.ezorqs(e,e.getAttribute("href"));var d=document.createElement("img");d.onerror=function(f){"undefined"!=typeof f.path&&"undefined"!=typeof f.path[0].currentSrc?window.ezorqe(e,f.path[0].currentSrc):"undefined"!=typeof f.srcElement&&"undefined"!=typeof f.srcElement.href&&window.ezorqe(e,f.srcElement.href)};d.src=
e.getAttribute("href")}}})(document.querySelectorAll("link"));"undefined"!=typeof window.__ez.ssaf&&-1<window.__ez.ssaf.indexOf(16)&&"undefined"!==typeof window.__ez.sshsdef&&!1===window.__ez.sshsdef&&Element.prototype.addEventListener&&("function"==typeof window.onload&&(window.addEventListener("load",window.onload),window.onload=null),"function"==typeof document.onload&&(document.addEventListener.addEventListener("load",document.onload),document.onload=null))})();
]]>
            </message>
            <full-stacktrace>
              <![CDATA[java.lang.AssertionError: 1 expectation failed.
XML path .employee_name doesn't match.
Expected: Yuri Berry
  Actual: 
__ez.queue.addFile('edmonton.php', '/detroitchicago/edmonton.webp?a=a&cb=3&shcb=32', true, [], true, false, false, false);
__ez.queue.addFile('jellyfish.php', '/porpoiseant/jellyfish.webp?a=a&cb=3&shcb=32', false, [], true, false, false, false);
var _audins_dom="restapiexample_com",_audins_did=133674;__ez.queue.addDelayFunc("audins.js","__ez.script.add", "//go.ezoic.net/detroitchicago/audins.js?cb=188-3");nullnull(function(){function b(g,c){for(var e=0;e<c.length;e++){var d=c[e];if(0==d.complete||"undefined"!=typeof d.readyState&&4>d.readyState){var f=d.getAttribute("src")||d.currentSrc;"undefined"!=typeof d.readyState&&0==d.readyState?d.addEventListener("loadstart",function(h){var k=h.getAttribute("src")||h.currentSrc;window.ezorqs(h,k)}):(f=d.getAttribute("src")||d.currentSrc,window.ezorqs(d,f));d.addEventListener("load",function(h){var k=h.currentTarget.getAttribute("src")||h.srcElement.currentSrc;window.ezorqe(h,
k)});d.addEventListener("loadeddata",function(h){var k=h.currentTarget.getAttribute("src")||h.srcElement.currentSrc;window.ezorqe(h,k)});d.addEventListener("error",function(h){var k=h.currentTarget.getAttribute("src")||h.srcElement.currentSrc;window.ezorqe(h,k)})}}}function a(g){for(var c=0;c<document.styleSheets.length;c++)if(document.styleSheets[c].href==g)return!0;return!1}b("img",document.querySelectorAll("img"));b("video",document.querySelectorAll("video"));b("audio",document.querySelectorAll("audio"));
(function(g){for(var c=0;c<g.length;c++){var e=g[c];if(("preload"==e.getAttribute("rel")||"stylesheet"==e.getAttribute("rel"))&&null!=e.getAttribute("href")&&a(e.getAttribute("href"))){window.ezorqs(e,e.getAttribute("href"));var d=document.createElement("img");d.onerror=function(f){"undefined"!=typeof f.path&&"undefined"!=typeof f.path[0].currentSrc?window.ezorqe(e,f.path[0].currentSrc):"undefined"!=typeof f.srcElement&&"undefined"!=typeof f.srcElement.href&&window.ezorqe(e,f.srcElement.href)};d.src=
e.getAttribute("href")}}})(document.querySelectorAll("link"));"undefined"!=typeof window.__ez.ssaf&&-1<window.__ez.ssaf.indexOf(16)&&"undefined"!==typeof window.__ez.sshsdef&&!1===window.__ez.sshsdef&&Element.prototype.addEventListener&&("function"==typeof window.onload&&(window.addEventListener("load",window.onload),window.onload=null),"function"==typeof document.onload&&(document.addEventListener.addEventListener("load",document.onload),document.onload=null))})();

at sun.reflect.NativeConstructorAccessorImpl.newInstance0(Native Method)
at sun.reflect.NativeConstructorAccessorImpl.newInstance(NativeConstructorAccessorImpl.java:62)
at sun.reflect.DelegatingConstructorAccessorImpl.newInstance(DelegatingConstructorAccessorImpl.java:45)
at java.lang.reflect.Constructor.newInstance(Constructor.java:423)
at org.codehaus.groovy.reflection.CachedConstructor.invoke(CachedConstructor.java:80)
at org.codehaus.groovy.reflection.CachedConstructor.doConstructorInvoke(CachedConstructor.java:74)
at org.codehaus.groovy.runtime.callsite.ConstructorSite$ConstructorSiteNoUnwrap.callConstructor(ConstructorSite.java:84)
at org.codehaus.groovy.runtime.callsite.CallSiteArray.defaultCallConstructor(CallSiteArray.java:59)
at org.codehaus.groovy.runtime.callsite.AbstractCallSite.callConstructor(AbstractCallSite.java:237)
at org.codehaus.groovy.runtime.callsite.AbstractCallSite.callConstructor(AbstractCallSite.java:249)
at io.restassured.internal.ResponseSpecificationImpl$HamcrestAssertionClosure.validate(ResponseSpecificationImpl.groovy:493)
at io.restassured.internal.ResponseSpecificationImpl$HamcrestAssertionClosure$validate$1.call(Unknown Source)
at io.restassured.internal.ResponseSpecificationImpl.validateResponseIfRequired(ResponseSpecificationImpl.groovy:674)
at sun.reflect.NativeMethodAccessorImpl.invoke0(Native Method)
at sun.reflect.NativeMethodAccessorImpl.invoke(NativeMethodAccessorImpl.java:62)
at sun.reflect.DelegatingMethodAccessorImpl.invoke(DelegatingMethodAccessorImpl.java:43)
at java.lang.reflect.Method.invoke(Method.java:498)
at org.codehaus.groovy.runtime.callsite.PlainObjectMetaMethodSite.doInvoke(PlainObjectMetaMethodSite.java:43)
at org.codehaus.groovy.runtime.callsite.PogoMetaMethodSite$PogoCachedMethodSiteNoUnwrapNoCoerce.invoke(PogoMetaMethodSite.java:190)
at org.codehaus.groovy.runtime.callsite.PogoMetaMethodSite.callCurrent(PogoMetaMethodSite.java:58)
at org.codehaus.groovy.runtime.callsite.CallSiteArray.defaultCallCurrent(CallSiteArray.java:51)
at org.codehaus.groovy.runtime.callsite.AbstractCallSite.callCurrent(AbstractCallSite.java:156)
at org.codehaus.groovy.runtime.callsite.AbstractCallSite.callCurrent(AbstractCallSite.java:168)
at io.restassured.internal.ResponseSpecificationImpl.body(ResponseSpecificationImpl.groovy:261)
at io.restassured.specification.ResponseSpecification$body$1.callCurrent(Unknown Source)
at org.codehaus.groovy.runtime.callsite.CallSiteArray.defaultCallCurrent(CallSiteArray.java:51)
at org.codehaus.groovy.runtime.callsite.AbstractCallSite.callCurrent(AbstractCallSite.java:156)
at org.codehaus.groovy.runtime.callsite.AbstractCallSite.callCurrent(AbstractCallSite.java:192)
at io.restassured.internal.ResponseSpecificationImpl.body(ResponseSpecificationImpl.groovy:108)
at io.restassured.internal.ValidatableResponseOptionsImpl.body(ValidatableResponseOptionsImpl.java:244)
at io.restassured.internal.ValidatableResponseImpl.super$2$body(ValidatableResponseImpl.groovy)
at sun.reflect.NativeMethodAccessorImpl.invoke0(Native Method)
at sun.reflect.NativeMethodAccessorImpl.invoke(NativeMethodAccessorImpl.java:62)
at sun.reflect.DelegatingMethodAccessorImpl.invoke(DelegatingMethodAccessorImpl.java:43)
at java.lang.reflect.Method.invoke(Method.java:498)
at org.codehaus.groovy.reflection.CachedMethod.invoke(CachedMethod.java:101)
at groovy.lang.MetaMethod.doMethodInvoke(MetaMethod.java:323)
at groovy.lang.MetaClassImpl.invokeMethod(MetaClassImpl.java:1217)
at org.codehaus.groovy.runtime.ScriptBytecodeAdapter.invokeMethodOnSuperN(ScriptBytecodeAdapter.java:144)
at io.restassured.internal.ValidatableResponseImpl.body(ValidatableResponseImpl.groovy:298)
at io.restassured.internal.ValidatableResponseImpl.body(ValidatableResponseImpl.groovy)
at restassureddemo.Validations.unitresult(Validations.java:29)
at sun.reflect.NativeMethodAccessorImpl.invoke0(Native Method)
at sun.reflect.NativeMethodAccessorImpl.invoke(NativeMethodAccessorImpl.java:62)
at sun.reflect.DelegatingMethodAccessorImpl.invoke(DelegatingMethodAccessorImpl.java:43)
at java.lang.reflect.Method.invoke(Method.java:498)
at org.testng.internal.MethodInvocationHelper.invokeMethod(MethodInvocationHelper.java:133)
at org.testng.internal.TestInvoker.invokeMethod(TestInvoker.java:584)
at org.testng.internal.TestInvoker.invokeTestMethod(TestInvoker.java:172)
at org.testng.internal.MethodRunner.runInSequence(MethodRunner.java:46)
at org.testng.internal.TestInvoker$MethodInvocationAgent.invoke(TestInvoker.java:804)
at org.testng.internal.TestInvoker.invokeTestMethods(TestInvoker.java:145)
at org.testng.internal.TestMethodWorker.invokeTestMethods(TestMethodWorker.java:146)
at org.testng.internal.TestMethodWorker.run(TestMethodWorker.java:128)
at java.util.ArrayList.forEach(ArrayList.java:1257)
at org.testng.TestRunner.privateRun(TestRunner.java:770)
at org.testng.TestRunner.run(TestRunner.java:591)
at org.testng.SuiteRunner.runTest(SuiteRunner.java:402)
at org.testng.SuiteRunner.runSequentially(SuiteRunner.java:396)
at org.testng.SuiteRunner.privateRun(SuiteRunner.java:355)
at org.testng.SuiteRunner.run(SuiteRunner.java:304)
at org.testng.SuiteRunnerWorker.runSuite(SuiteRunnerWorker.java:53)
at org.testng.SuiteRunnerWorker.run(SuiteRunnerWorker.java:96)
at org.testng.TestNG.runSuitesSequentially(TestNG.java:1180)
at org.testng.TestNG.runSuitesLocally(TestNG.java:1102)
at org.testng.TestNG.runSuites(TestNG.java:1032)
at org.testng.TestNG.run(TestNG.java:1000)
at org.testng.remote.AbstractRemoteTestNG.run(AbstractRemoteTestNG.java:115)
at org.testng.remote.RemoteTestNG.initAndRun(RemoteTestNG.java:251)
at org.testng.remote.RemoteTestNG.main(RemoteTestNG.java:77)
]]>
            </full-stacktrace>
          </exception> <!-- java.lang.AssertionError -->
          <reporter-output>
          </reporter-output>
        </test-method> <!-- unitresult -->
      </class> <!-- restassureddemo.Validations -->
    </test> <!-- Default test -->
  </suite> <!-- Default suite -->
</testng-results>
