<?xml version="1.0" encoding="UTF-8"?>
<!-- Generated by org.testng.reporters.JUnitXMLReporter -->
<testsuite hostname="EPINHYDW0238" ignored="4" name="Default test" tests="1" failures="0" timestamp="2020-02-19T16:22:00 IST" time="2.235" errors="0">
  <testcase name="useDigestAuthentication" time="2.146" classname="tests.TC005_Auth"/>
  <testcase name="useBasicAuthentication" time="0.0" classname="tests.TC005_Auth">
    <ignored/>
  </testcase> <!-- useBasicAuthentication -->
  <testcase name="useOAuthAuthentication" time="0.0" classname="tests.TC005_Auth">
    <ignored/>
  </testcase> <!-- useOAuthAuthentication -->
  <testcase name="get" time="0.0" classname="tests.TC005_Auth">
    <ignored/>
  </testcase> <!-- get -->
  <testcase name="usepreemptiveBasicAuthentication" time="0.0" classname="tests.TC005_Auth">
    <ignored/>
  </testcase> <!-- usepreemptiveBasicAuthentication -->
</testsuite> <!-- Default test -->
