<?xml version="1.0" encoding="UTF-8"?>
<testng-results ignored="0" total="1" passed="1" failed="0" skipped="0">
  <reporter-output>
  </reporter-output>
  <suite started-at="2020-02-18T22:18:17 IST" name="Default suite" finished-at="2020-02-18T22:18:19 IST" duration-ms="2633">
    <groups>
    </groups>
    <test started-at="2020-02-18T22:18:17 IST" name="Default test" finished-at="2020-02-18T22:18:19 IST" duration-ms="2633">
      <class name="tests.TC003_GET_Header">
        <test-method is-config="true" signature="setUp()[pri:0, instance:tests.TC003_GET_Header@1356d4d4]" started-at="2020-02-18T22:18:17 IST" name="setUp" finished-at="2020-02-18T22:18:17 IST" duration-ms="101" status="PASS">
          <reporter-output>
          </reporter-output>
        </test-method> <!-- setUp -->
        <test-method signature="get()[pri:0, instance:tests.TC003_GET_Header@1356d4d4]" started-at="2020-02-18T22:18:17 IST" name="get" finished-at="2020-02-18T22:18:19 IST" duration-ms="2491" status="PASS">
          <reporter-output>
          </reporter-output>
        </test-method> <!-- get -->
      </class> <!-- tests.TC003_GET_Header -->
    </test> <!-- Default test -->
  </suite> <!-- Default suite -->
</testng-results>
