<?xml version="1.0" encoding="UTF-8"?>
<testng-results skipped="0" failed="0" ignored="4" total="5" passed="1">
  <reporter-output>
  </reporter-output>
  <suite name="Default suite" duration-ms="2235" started-at="2020-02-19T16:21:58 IST" finished-at="2020-02-19T16:22:00 IST">
    <groups>
    </groups>
    <test name="Default test" duration-ms="2235" started-at="2020-02-19T16:21:58 IST" finished-at="2020-02-19T16:22:00 IST">
      <class name="tests.TC005_Auth">
        <test-method status="PASS" signature="setUp()[pri:0, instance:tests.TC005_Auth@3b084709]" name="setUp" is-config="true" duration-ms="60" started-at="2020-02-19T16:21:58 IST" finished-at="2020-02-19T16:21:58 IST">
          <reporter-output>
          </reporter-output>
        </test-method> <!-- setUp -->
        <test-method status="PASS" signature="useDigestAuthentication()[pri:0, instance:tests.TC005_Auth@3b084709]" name="useDigestAuthentication" duration-ms="2146" started-at="2020-02-19T16:21:58 IST" finished-at="2020-02-19T16:22:00 IST">
          <reporter-output>
          </reporter-output>
        </test-method> <!-- useDigestAuthentication -->
      </class> <!-- tests.TC005_Auth -->
    </test> <!-- Default test -->
  </suite> <!-- Default suite -->
</testng-results>
