<?xml version="1.0" encoding="UTF-8"?>
<!-- Generated by org.testng.reporters.JUnitXMLReporter -->
<testsuite hostname="LAPTOP-Q732QR57" ignored="2" name="Default test" tests="1" failures="0" timestamp="2020-02-18T22:34:09 IST" time="3.578" errors="0">
  <testcase name="equalmethod" time="3.524" classname="restassureddemo.SynntaxExplanation"/>
  <testcase name="statusCode" time="0.0" classname="restassureddemo.SynntaxExplanation">
    <ignored/>
  </testcase> <!-- statusCode -->
  <testcase name="logging" time="0.0" classname="restassureddemo.SynntaxExplanation">
    <ignored/>
  </testcase> <!-- logging -->
</testsuite> <!-- Default test -->
